<?xml version="1.0" encoding="utf-8"?><testsuites name="pytest tests"><testsuite name="pytest" errors="0" failures="0" skipped="0" tests="50" time="1.291" timestamp="2026-06-12T22:27:14.312011+08:00" hostname="DESKTOP-I75C5QK"><testcase classname="tests.unit.scripts.test_governance_scripts" name="test_authority_alignment_checker_passes_current_repo" time="0.018" /><testcase classname="tests.unit.scripts.test_governance_scripts" name="test_delivery_gate_rules_cover_authority_alignment_contract" time="0.002" /><testcase classname="tests.unit.scripts.test_governance_scripts" name="test_delivery_gate_passes_current_repo" time="0.017" /><testcase classname="tests.unit.scripts.test_governance_scripts" name="test_desktop_local_launcher_scripts_are_exposed_via_package_json" time="0.000" /><testcase classname="tests.unit.scripts.test_governance_scripts" name="test_desktop_local_launcher_wrapper_scripts_forward_to_matching_powershell_files" time="0.001" /><testcase classname="tests.unit.scripts.test_governance_scripts" name="test_desktop_local_powershell_scripts_preserve_public_parameter_contract" time="0.001" /><testcase classname="tests.unit.scripts.test_governance_scripts" name="test_writing_helper_acceptance_contract_uses_windows_powershell_and_bom_script" time="0.001" /><testcase classname="tests.unit.scripts.test_governance_scripts" name="test_desktop_local_launcher_docs_share_same_entrypoints" time="0.001" /><testcase classname="tests.unit.scripts.test_governance_scripts" name="test_authority_alignment_rules_cover_local_desktop_launcher_contract" time="0.002" /><testcase classname="tests.unit.scripts.test_governance_scripts" name="test_authority_alignment_signal_helper_returns_fail_for_nonzero_exit" time="0.002" /><testcase classname="tests.unit.scripts.test_governance_scripts" name="test_authority_alignment_signal_helper_returns_pass_for_clean_payload" time="0.003" /><testcase classname="tests.unit.scripts.test_governance_scripts" name="test_release_evidence_status_normalizer_maps_pytest_terms_to_release_contract" time="0.003" /><testcase classname="tests.unit.scripts.test_governance_scripts" name="test_writing_helper_acceptance_signal_returns_fail_for_parse_error" time="0.003" /><testcase classname="tests.unit.scripts.test_governance_scripts" name="test_writing_helper_acceptance_signal_returns_fail_for_missing_required_keys" time="0.002" /><testcase classname="tests.unit.scripts.test_governance_scripts" name="test_writing_helper_acceptance_signal_returns_pass_for_fresh_current_artifact" time="0.003" /><testcase classname="tests.unit.scripts.test_governance_scripts" name="test_writing_helper_acceptance_signal_accepts_evidence_only_companion_commit" time="0.003" /><testcase classname="tests.unit.scripts.test_governance_scripts" name="test_writing_helper_acceptance_signal_returns_fail_for_stale_superseded_artifact" time="0.082" /><testcase classname="tests.unit.scripts.test_governance_scripts" name="test_local_selftest_enforcement_signal_returns_pass_for_fresh_current_release_evidence" time="0.003" /><testcase classname="tests.unit.scripts.test_governance_scripts" name="test_local_selftest_enforcement_signal_returns_fail_for_non_green_release_evidence" time="0.002" /><testcase classname="tests.unit.scripts.test_governance_scripts" name="test_unresolved_triage_blocker_signal_returns_pass_for_missing_sessions_root" time="0.003" /><testcase classname="tests.unit.scripts.test_governance_scripts" name="test_unresolved_triage_blocker_signal_ignores_legacy_noise_records" time="0.051" /><testcase classname="tests.unit.scripts.test_governance_scripts" name="test_unresolved_triage_blocker_signal_returns_fail_for_current_unresolved_state" time="0.023" /><testcase classname="tests.unit.scripts.test_governance_scripts" name="test_package_e2e_acceptance_signal_returns_pass_for_fresh_current_artifact" time="0.003" /><testcase classname="tests.unit.scripts.test_governance_scripts" name="test_package_e2e_acceptance_signal_accepts_evidence_only_companion_commit" time="0.003" /><testcase classname="tests.unit.scripts.test_governance_scripts" name="test_package_e2e_acceptance_signal_returns_fail_for_missing_verification" time="0.003" /><testcase classname="tests.unit.scripts.test_governance_scripts" name="test_build_release_readiness_artifact_includes_release_evidence_metadata" time="0.003" /><testcase classname="tests.unit.scripts.test_governance_scripts" name="test_release_check_summary_main_handles_preliminary_decision_before_evidence_sources" time="0.076" /><testcase classname="tests.unit.scripts.test_governance_scripts" name="test_release_check_summary_main_binds_desktop_check_to_authoritative_gate_only" time="0.079" /><testcase classname="tests.unit.scripts.test_governance_scripts" name="test_delivery_contract_100_signal_tracks_scorecard_completion" time="0.003" /><testcase classname="tests.unit.scripts.test_governance_scripts" name="test_local_pre_commit_gate_contract_is_exposed" time="0.001" /><testcase classname="tests.unit.scripts.test_governance_scripts" name="test_release_summary_and_sign_off_share_desktop_authoritative_gate" time="0.007" /><testcase classname="tests.unit.scripts.test_governance_scripts" name="test_refresh_release_evidence_accepts_refreshed_no_go_summary" time="0.021" /><testcase classname="tests.unit.scripts.test_governance_scripts" name="test_refresh_release_evidence_rejects_unexpected_summary_failure" time="0.005" /><testcase classname="tests.unit.scripts.test_governance_scripts" name="test_refresh_release_evidence_requires_updated_artifacts" time="0.005" /><testcase classname="tests.unit.scripts.test_governance_scripts" name="test_packaged_app_smoke_parses_listening_pid_from_netstat_output" time="0.003" /><testcase classname="tests.unit.scripts.test_governance_scripts" name="test_packaged_app_smoke_identifies_smoke_managed_processes" time="0.004" /><testcase classname="tests.unit.scripts.test_governance_scripts" name="test_packaged_app_smoke_rejects_non_smoke_process_on_reserved_port" time="0.003" /><testcase classname="tests.unit.scripts.test_governance_scripts" name="test_signed_release_path_uses_generated_tauri_config_without_repo_config_edit" time="0.057" /><testcase classname="tests.unit.scripts.test_governance_scripts" name="test_sidecar_selector_normalizes_supported_node_values[NODE]" time="0.053" /><testcase classname="tests.unit.scripts.test_governance_scripts" name="test_sidecar_selector_normalizes_supported_node_values[ node ]" time="0.053" /><testcase classname="tests.unit.scripts.test_governance_scripts" name="test_sidecar_selector_normalizes_supported_python_values[PYTHON]" time="0.058" /><testcase classname="tests.unit.scripts.test_governance_scripts" name="test_sidecar_selector_normalizes_supported_python_values[ python ]" time="0.053" /><testcase classname="tests.unit.scripts.test_governance_scripts" name="test_sidecar_selector_falls_back_to_node_for_unknown_runtime" time="0.055" /><testcase classname="tests.unit.scripts.test_governance_scripts" name="test_sidecar_selector_honors_python_compatibility_override" time="0.058" /><testcase classname="tests.unit.scripts.test_governance_scripts" name="test_sidecar_selector_exits_when_validation_fails_after_build" time="0.066" /><testcase classname="tests.unit.scripts.test_governance_scripts" name="test_sidecar_contract_validator_keeps_node_authority_and_python_packaging_contract" time="0.117" /><testcase classname="tests.unit.scripts.test_governance_scripts" name="test_sidecar_contract_validator_all_runtimes_reports_both_contract_sets" time="0.055" /><testcase classname="tests.unit.scripts.test_governance_scripts" name="test_sidecar_contract_validator_defaults_invalid_runtime_to_node_scope" time="0.054" /><testcase classname="tests.unit.scripts.test_governance_scripts" name="test_sidecar_contract_validator_fails_strict_mode_when_packaged_binary_switches_to_node" time="0.056" /><testcase classname="tests.unit.scripts.test_governance_scripts" name="test_sidecar_contract_validator_fails_strict_mode_when_capability_boundary_expands" time="0.061" /></testsuite></testsuites>